<?xml version="1.0" encoding="UTF-8"?>
<testsuite xmlns:xsi="http://www.w3.org/2001/XMLSchema-instance" xsi:noNamespaceSchemaLocation="https://maven.apache.org/surefire/maven-surefire-plugin/xsd/surefire-test-report.xsd" version="3.0.2" name="org.fkeller.spring.boot.openapi.gen.rest.HelloControllerTest" time="6.057" tests="2" errors="0" skipped="0" failures="0">
  <properties>
[...]
</properties>
  <testcase name="whenIndexThenReturnOK" classname="org.fkeller.spring.boot.openapi.gen.rest.HelloControllerTest" time="0.355">
    <system-out><![CDATA[17:03:25.374 [main] INFO org.springframework.test.context.support.AnnotationConfigContextLoaderUtils -- Could not detect default configuration classes for test class [org.fkeller.spring.boot.openapi.gen.rest.HelloControllerTest]: HelloControllerTest does not declare any static, non-private, non-final, nested classes annotated with @Configuration.
17:03:25.655 [main] INFO org.springframework.boot.test.context.SpringBootTestContextBootstrapper -- Found @SpringBootConfiguration org.fkeller.spring.boot.openapi.gen.Application for test class org.fkeller.spring.boot.openapi.gen.rest.HelloControllerTest
17:03:25.810 [main] INFO org.springframework.boot.devtools.restart.RestartApplicationListener -- Restart disabled due to context in which it is running

  .   ____          _            __ _ _
 /\\ / ___'_ __ _ _(_)_ __  __ _ \ \ \ \
( ( )\___ | '_ | '_| | '_ \/ _` | \ \ \ \
 \\/  ___)| |_)| | | | | || (_| |  ) ) ) )
  '  |____| .__|_| |_|_| |_\__, | / / / /
 =========|_|==============|___/=/_/_/_/

 :: Spring Boot ::                (v3.4.1)

2025-01-13T17:03:26.478+01:00  INFO 3059 --- [           main] o.f.s.b.o.gen.rest.HelloControllerTest   : Starting HelloControllerTest using Java 21.0.5 with PID 3059 (started by fkeller in /home/fkeller/git/github.com/chiefrocker86/spring-boot-openapi-gen)
2025-01-13T17:03:26.480+01:00  INFO 3059 --- [           main] o.f.s.b.o.gen.rest.HelloControllerTest   : No active profile set, falling back to 1 default profile: "default"
2025-01-13T17:03:30.444+01:00  INFO 3059 --- [           main] o.s.b.t.m.w.SpringBootMockServletContext : Initializing Spring TestDispatcherServlet ''
2025-01-13T17:03:30.450+01:00  INFO 3059 --- [           main] o.s.t.web.servlet.TestDispatcherServlet  : Initializing Servlet ''
2025-01-13T17:03:30.459+01:00  INFO 3059 --- [           main] o.s.t.web.servlet.TestDispatcherServlet  : Completed initialization in 5 ms
2025-01-13T17:03:30.634+01:00  INFO 3059 --- [           main] o.f.s.b.o.gen.rest.HelloControllerTest   : Started HelloControllerTest in 4.845 seconds (process running for 6.76)
]]></system-out>
    <system-err><![CDATA[Mockito is currently self-attaching to enable the inline-mock-maker. This will no longer work in future releases of the JDK. Please add Mockito as an agent to your build what is described in Mockito's documentation: https://javadoc.io/doc/org.mockito/mockito-core/latest/org/mockito/Mockito.html#0.3
WARNING: A Java agent has been loaded dynamically (/home/fkeller/.m2/repository/net/bytebuddy/byte-buddy-agent/1.15.11/byte-buddy-agent-1.15.11.jar)
WARNING: If a serviceability tool is in use, please run with -XX:+EnableDynamicAgentLoading to hide this warning
WARNING: If a serviceability tool is not in use, please run with -Djdk.instrument.traceUsage for more information
WARNING: Dynamic loading of agents will be disallowed by default in a future release
]]></system-err>
  </testcase>
  <testcase name="whenUndefinedRouteThenReturnNotFound" classname="org.fkeller.spring.boot.openapi.gen.rest.HelloControllerTest" time="0.038"/>
</testsuite>